Case #1:
8872898
9069733
9068064
9089444
8757156
8847128
8992660
8805356
8825469
8781406
9178788
8904759
9168040
9167371
9142505
8852995
9004503
8900224
8770645
8837471
Case #2:
7064
7270
10890
10112
9270
9092
8004
8466
11030
8084
Case #3:
18304
20638
17336
15270
17566
14993
15463
19993
22146
18774
20733
17778
16569
21337
15390
18221
17778
20074
19197
17399
Case #4:
7047943615
7046260800
7030978772
7019344975
7027883594
7023764716
7045744246
7031584835
7016433796
7050487086
7019524147
7015245699
7033750385
7041174521
7037632032
7050369226
7028276267
7029764948
7039317371
7045257954
Case #5:
11400824
11089277
11236801
11060079
11276195
11320243
11065373
11172299
11125627
11290588
11025758
10993133
10956257
11044215
11005857
11184932
11155734
11080555
11005680
11429134
Case #6:
8033582996
8027831949
8041687991
8063688017
8039939233
8022108709
8027246735
8049007170
8041852503
8035976841
8023186307
8047820478
8032323208
8035986332
8033988148
8058601156
8037472614
8054928796
8021989208
8063054550
Case #7:
7547558502
7564743001
7564253495
7565345843
7549943433
7545707827
7536115505
7555827672
7561051284
7561273527
7539747725
7547450078
7557063159
7542938760
7564978535
7531363497
7548576146
7553134480
7535398270
7563070409
Case #8:
7170867272
7173975881
7181825213
7146627593
7171218001
7185829972
7150879182
7171101926
7182512004
7172011525
7160809685
7183467731
7151658751
7142686657
7154370813
7157752983
7154637573
7181470210
7184211576
7143031468
Case #9:
6453939607
6427833552
6432127545
6428881478
6441675281
6461880552
6427022398
6423140732
6453445594
6456608842
6445934146
6431883670
6442218346
6453092258
6454495047
6421241535
6453625629
6439288663
6444821887
6452253049
Case #10:
6740429963
6758932430
6745503906
6755949677
6748266283
6754085720
6768126903
6778377833
6773501969
6777342224
6775934790
6760029575
6741175663
6760501057
6778614127
6766648552
6757076750
6758737522
6761834580
6771223389
