Case #1: HVG-IFW IFW-NQQ
Case #2: GRG-LBV LBV-BAG BAG-OMN OMN-CRV CRV-CXJ CXJ-FDQ FDQ-INL INL-MOQ
Case #3: JDI-KKC KKC-JUV JUV-BQG
Case #4: FGW-GBX GBX-CGT CGT-EKD
Case #5: NGA-ECX ECX-DPP DPP-MTJ MTJ-MBU MBU-EAD EAD-ANO ANO-FCR FCR-HMN HMN-AWK
Case #6: DWR-DHL DHL-AJD
Case #7: KMP-GOV GOV-OJI OJI-NIV NIV-KKP KKP-ALE ALE-FVW FVW-IMI
Case #8: KJE-NEV NEV-BFD BFD-OAK OAK-EHE EHE-MEF
Case #9: HOH-GSA
Case #10: LZK-CEA CEA-LSX LSX-MZI MZI-LZJ LZJ-CFD CFD-LGQ
Case #11: HSX-GZN GZN-MZK
Case #12: DJK-AEH AEH-KKX KKX-APJ
Case #13: GXM-DRH DRH-EBE EBE-MTV MTV-FLI FLI-HCV HCV-GQC
Case #14: KSU-LSE LSE-LUE LUE-CSS CSS-MQI MQI-ELD ELD-JZW JZW-OFH OFH-AIK AIK-IIJ
Case #15: JYB-JGX JGX-DYI DYI-AXT AXT-KRH KRH-ADS
Case #16: FBS-NJP NJP-OJI OJI-MSA MSA-IGR IGR-CFZ CFZ-ITE ITE-JNX JNX-NDQ NDQ-MOW MOW-GVL
Case #17: LZN-DRR DRR-CNY CNY-KDN KDN-MHV MHV-DMF DMF-MDV MDV-MZX MZX-KCJ KCJ-BZO
Case #18: LLE-DCU
Case #19: EFV-GWU GWU-FAB FAB-IVU IVU-KBF KBF-GDE GDE-KDU
Case #20: MYA-NDK NDK-BXZ BXZ-DFJ DFJ-ISU ISU-NOH NOH-AAA AAA-HZM HZM-DHY DHY-AEW AEW-GAQ
Case #21: GOY-HYL HYL-HHT HHT-BAW BAW-HVS HVS-NMZ NMZ-HIJ
Case #22: HMP-KMD KMD-DVS DVS-GOR GOR-LZR
Case #23: JLN-ELF ELF-NDJ NDJ-FFE FFE-JSM
Case #24: KZM-AIP AIP-ANZ ANZ-CNS CNS-OLR OLR-KYM
Case #25: JWF-GUG
Case #26: FQW-GQM GQM-NLB NLB-NEP NEP-IVX IVX-ACM
Case #27: BJT-LCF LCF-FDV FDV-EOV EOV-CSN
Case #28: HYN-BQD BQD-DVM DVM-IIQ IIQ-DOA
Case #29: OMK-FXH FXH-AJY AJY-OEA OEA-EUN EUN-NPN NPN-JNT JNT-LBO LBO-HRU
Case #30: KVR-OMM OMM-DPQ DPQ-JVP JVP-JFM
Case #31: ADK-OOD OOD-NIG NIG-BHZ BHZ-KBT KBT-BHV
Case #32: HWQ-BKU BKU-CQF CQF-BGB BGB-NOP NOP-ASF ASF-FKL FKL-HJC HJC-LUQ
Case #33: CQP-IJK IJK-NCX NCX-CWZ CWZ-JQI JQI-GEN GEN-NMF NMF-JMR JMR-GHD GHD-IIU
Case #34: MSS-CBQ CBQ-CJU CJU-KCD KCD-NOR
Case #35: CZV-LQT LQT-LMR LMR-KTG KTG-KQD KQD-LEH LEH-HLV HLV-EFL EFL-IAG
Case #36: CCJ-FIF FIF-AOH AOH-BTY BTY-CZO CZO-DFD
Case #37: JBO-MOG MOG-MGJ MGJ-AMH AMH-AJL AJL-OJW OJW-AEW AEW-ABK ABK-DPB
Case #38: LFB-FTM FTM-FVX
Case #39: DKK-BGX BGX-GEJ GEJ-NON NON-FHW FHW-IQL IQL-OGY OGY-KLL KLL-LMS LMS-IKL
Case #40: OLO-NKC
Case #41: IZD-FWB
Case #42: NKR-BSY
Case #43: ADJ-EHN EHN-CND CND-BWK BWK-GXN GXN-GYB GYB-JWK
Case #44: INE-ANA ANA-KST
Case #45: BNF-MBI MBI-KTN KTN-DAW DAW-MAU MAU-LXM LXM-GCU GCU-JXQ
Case #46: DOF-NJB NJB-KKZ KKZ-ODR ODR-HFH HFH-JXS
Case #47: AZO-LBY LBY-KBE KBE-HGF HGF-LVD LVD-HLT HLT-MOT MOT-DLL
Case #48: NAP-DPF DPF-DQL DQL-HTL HTL-FAS FAS-AZX AZX-BXF BXF-CVK CVK-NBT
Case #49: HOS-EEM EEM-OFZ OFZ-GVW GVW-FWE FWE-KOM KOM-JET JET-EKR EKR-EIR EIR-MDU MDU-CHS
Case #50: LXP-IMW IMW-NNO NNO-EOG EOG-CRT
Case #51: OOV-OAV OAV-EUO EUO-LIZ LIZ-KOM KOM-CFV CFV-HEE HEE-NHU
Case #52: NHH-CKW CKW-HIT HIT-AGD AGD-GDM GDM-ENB ENB-ENJ ENJ-KCB KCB-JWK JWK-CSW CSW-EQW
Case #53: NVZ-LIH LIH-HOU HOU-BYM BYM-CBE CBE-DLS DLS-NDW NDW-EHB EHB-LRB LRB-HHC
Case #54: EGF-FBA FBA-IHO IHO-CMJ CMJ-FTG FTG-NBH NBH-EVE EVE-OED OED-BSY
Case #55: EXU-BYP BYP-OTJ OTJ-FTV FTV-EPM
Case #56: CAE-LXT LXT-EZM EZM-IDI IDI-IKD IKD-HWX HWX-DTF DTF-FNW FNW-OAS OAS-JVK
Case #57: ACF-HUN HUN-KWR KWR-GOW
Case #58: DJP-MBB MBB-CVH
Case #59: DMU-DYS DYS-KCG KCG-GJH GJH-GYY GYY-OOY
Case #60: ORK-FGT FGT-BIG BIG-BYK
Case #61: BHD-CMF CMF-IQV IQV-CRN CRN-IVM IVM-MAE MAE-DBE
Case #62: IRD-HFT HFT-IFT IFT-HOM HOM-BND BND-CPL CPL-KTZ KTZ-KYL KYL-FCK FCK-FVJ
Case #63: GQG-GHH GHH-KNT KNT-BZA BZA-FID FID-JSD
Case #64: JHN-IXZ
Case #65: FNJ-DWA DWA-DKG DKG-HSZ
Case #66: HYM-FTR FTR-LTJ LTJ-MNB
Case #67: HIA-BNJ BNJ-NEY NEY-FYB FYB-ECE ECE-JGO
Case #68: GIT-FNN FNN-JVV JVV-CSX CSX-JJP JJP-EVZ EVZ-NZZ NZZ-DAW DAW-AJO AJO-HDZ
Case #69: JSQ-LQX
Case #70: DOB-HZP HZP-JAT JAT-BYI BYI-HQD HQD-BQX BQX-DAE DAE-NWB NWB-DWT DWT-CJO CJO-EVI
Case #71: BRK-LEF LEF-DDI DDI-NNN NNN-BKR BKR-KHF KHF-ESI ESI-DMM DMM-HOI HOI-HZD HZD-GNQ
Case #72: IQH-APF APF-HHI HHI-JSQ JSQ-COX COX-OBG OBG-OMA
Case #73: EGX-FIW FIW-DTA DTA-KNY KNY-GHY GHY-CAE CAE-JUZ JUZ-JFY JFY-OUB
Case #74: EEF-JTL JTL-ALF ALF-LJT LJT-NMN NMN-HJZ HJZ-BFJ BFJ-AOB AOB-NQU NQU-NZT
Case #75: NUT-DUW DUW-NIP NIP-BGY BGY-JIB JIB-CKH CKH-JXO JXO-AMY
Case #76: ANS-CGX CGX-FBP FBP-CQP CQP-FPR FPR-FAA FAA-OUK
Case #77: OQE-LWZ
Case #78: GIT-IUO IUO-FMU FMU-NHG NHG-MTZ
Case #79: NIR-BAG BAG-AHX AHX-FND FND-BNF BNF-GQA GQA-JMN
Case #80: CDQ-NQV NQV-FIQ FIQ-BUZ BUZ-MQT MQT-HJR HJR-MKK MKK-HXU HXU-DCE DCE-EGO EGO-HDH
Case #81: NIZ-GBL GBL-AQF AQF-GYV GYV-JOX JOX-GDE GDE-LEP LEP-JYJ JYJ-NAG NAG-MCM MCM-NBM
Case #82: OUO-KFZ KFZ-EWZ EWZ-MWA MWA-GKM GKM-CME CME-CTF CTF-HAR HAR-FNY FNY-HNW HNW-DXZ
Case #83: EMR-NXD NXD-JKK JKK-KDC KDC-AED AED-GBX GBX-KEM KEM-NBF NBF-EPU EPU-IPS
Case #84: GRT-AIW AIW-NBN NBN-HXY HXY-AEG AEG-DHO DHO-HTT
Case #85: MIX-DNA DNA-GOM GOM-DFM
Case #86: NST-CZT
Case #87: HTT-ALQ
Case #88: CLL-NZL NZL-BTO BTO-BRA BRA-IMZ IMZ-BNO BNO-JYL JYL-LJE LJE-HQQ HQQ-NXO NXO-ONW
Case #89: OTE-HFT HFT-GWA GWA-AUU
Case #90: CXU-NDG NDG-MMK MMK-CSF CSF-GZA GZA-MEW
Case #91: CJH-MZN MZN-IDP IDP-DQQ
Case #92: MDH-NNJ NNJ-JBA JBA-GPL GPL-ALI ALI-JKS JKS-FEQ FEQ-MHH
Case #93: HCB-KTF KTF-OAW OAW-CCY CCY-IAV IAV-KFN KFN-INL INL-HRV HRV-ISV
Case #94: HRK-EUX EUX-DDL DDL-BLD BLD-HNW HNW-DKV DKV-DHL DHL-BQY BQY-CCP CCP-OHR
Case #95: KZH-ORR ORR-NBL NBL-NMB
Case #96: FNK-HWT HWT-APD
Case #97: GDG-BAP BAP-IHN IHN-GOC GOC-MBX MBX-MCG
Case #98: HVF-JXH JXH-LML LML-FTY
Case #99: ECJ-NNS NNS-KIQ KIQ-ISE ISE-FZC FZC-ARZ ARZ-LPO LPO-KOE KOE-DQB
Case #100: IAR-BZE BZE-DUX DUX-NPV NPV-DWT DWT-HSW HSW-JUV JUV-GXY GXY-LXG LXG-KBO KBO-KTY KTY-GWD GWD-KIC KIC-EJD EJD-FLP FLP-ALU ALU-FRY FRY-IYF IYF-EEY EEY-BVQ BVQ-GMX GMX-CXM CXM-OEO OEO-DWF DWF-CQY CQY-OHR OHR-JLJ JLJ-HPG HPG-KGJ KGJ-COE COE-NQH NQH-JXP JXP-LVN LVN-BWE BWE-NYN NYN-DGI DGI-MFY MFY-JBW JBW-HOU HOU-ESM ESM-BEW BEW-DAO DAO-ORT ORT-JLF JLF-EYI EYI-DRY DRY-LFE LFE-CFF CFF-MHT MHT-HBD HBD-FVU FVU-HHY HHY-DUL DUL-GEZ GEZ-NIW NIW-MHC MHC-DZO DZO-DAZ DAZ-FCN FCN-AHX AHX-NGW NGW-NWF NWF-FTT FTT-BFS BFS-EWP EWP-NDQ NDQ-NJT NJT-JRU JRU-DWS DWS-IWS IWS-LBG LBG-ARF ARF-GZE GZE-ELS ELS-EJF EJF-DPU DPU-CTE CTE-ISM ISM-BIT BIT-AGF AGF-HKQ HKQ-GSK GSK-BKP BKP-IRU IRU-BKD BKD-MZE MZE-ACV ACV-FOX FOX-JYS JYS-NWA NWA-DYK DYK-LYQ LYQ-FFA FFA-ECR ECR-IFL IFL-NXD NXD-ENI ENI-JRV JRV-IXC IXC-GBH GBH-FSO
